<?xml version="1.0" encoding="UTF-8"?>
<!-- Generated by org.testng.reporters.JUnitXMLReporter -->
<testsuite ignored="0" hostname="LAPTOP-JGRSMERP" failures="3" tests="5" name="Test" time="54.399" errors="0" timestamp="2024-05-25T17:47:42 IST">
  <testcase classname="com.Sakshi.Test.LoginTest" name="LoginApplicationScenario1" time="0.046">
    <failure type="java.lang.AssertionError" message="expected [https://sakshingp.github.io/assignment/home.html] but found [https://sakshingp.github.io/assignment/login.html]">
      <![CDATA[java.lang.AssertionError: expected [https://sakshingp.github.io/assignment/home.html] but found [https://sakshingp.github.io/assignment/login.html]
at com.Sakshi.Test.LoginTest.LoginApplicationScenario1(LoginTest.java:17)
at java.base/java.util.ArrayList.forEach(ArrayList.java:1511)
... Removed 33 stack frames]]>
    </failure>
  </testcase> <!-- LoginApplicationScenario1 -->
  <testcase classname="com.Sakshi.Test.LoginTest" name="LoginApplicationScenario2" time="0.004">
    <failure type="java.lang.NullPointerException" message="Cannot invoke &amp;quot;org.openqa.selenium.SearchContext.findElement(org.openqa.selenium.By)&amp;quot; because &amp;quot;this.searchContext&amp;quot; is null">
      <![CDATA[java.lang.NullPointerException: Cannot invoke "org.openqa.selenium.SearchContext.findElement(org.openqa.selenium.By)" because "this.searchContext" is null
at org.openqa.selenium.support.pagefactory.DefaultElementLocator.findElement(DefaultElementLocator.java:68)
at org.openqa.selenium.support.pagefactory.internal.LocatingElementHandler.invoke(LocatingElementHandler.java:38)
at jdk.proxy2/jdk.proxy2.$Proxy10.sendKeys(Unknown Source)
at com.Sakshi.page.LoginPage.loginToApplicationwithoutUsername(LoginPage.java:42)
at com.Sakshi.Test.LoginTest.LoginApplicationScenario2(LoginTest.java:22)
at java.base/java.util.ArrayList.forEach(ArrayList.java:1511)
... Removed 27 stack frames]]>
    </failure>
  </testcase> <!-- LoginApplicationScenario2 -->
  <testcase classname="com.Sakshi.Test.LoginTest" name="LoginApplicationScenario3" time="0.003">
    <failure type="java.lang.NullPointerException" message="Cannot invoke &amp;quot;org.openqa.selenium.SearchContext.findElement(org.openqa.selenium.By)&amp;quot; because &amp;quot;this.searchContext&amp;quot; is null">
      <![CDATA[java.lang.NullPointerException: Cannot invoke "org.openqa.selenium.SearchContext.findElement(org.openqa.selenium.By)" because "this.searchContext" is null
at org.openqa.selenium.support.pagefactory.DefaultElementLocator.findElement(DefaultElementLocator.java:68)
at org.openqa.selenium.support.pagefactory.internal.LocatingElementHandler.invoke(LocatingElementHandler.java:38)
at jdk.proxy2/jdk.proxy2.$Proxy10.sendKeys(Unknown Source)
at com.Sakshi.page.LoginPage.loginToApplicationwithoutUserPassword(LoginPage.java:29)
at com.Sakshi.Test.LoginTest.LoginApplicationScenario3(LoginTest.java:28)
at java.base/java.util.ArrayList.forEach(ArrayList.java:1511)
... Removed 27 stack frames]]>
    </failure>
  </testcase> <!-- LoginApplicationScenario3 -->
  <testcase classname="com.Sakshi.Test.LoginTest" name="LoginApplication" time="1.25"/>
  <testcase classname="com.Sakshi.Test.AmmountSorting" name="sortAmmount" time="3.207"/>
</testsuite> <!-- Test -->
